Note: NumExpr detected 12 cores but "NUMEXPR_MAX_THREADS" not set, so enforcing safe limit of 8.
NumExpr defaulting to 8 threads.
CLUSTER 1:
	55445 RESEARCHERS, 89.44% OF THE TOTAL

	YEARS: ['1980', '1981', '1982', '1983', '1984', '1985', '1987', '1988', '1989', '1990', '1991', '1992', '1993', '1994', '1995', '1996', '1997', '1998', '1999', '2000', '2001', '2002', '2003', '2004', '2005', '2006', '2007', '2008', '2009', '2010', '2011', '2012', '2013', '2014', '2015', '2016', '2017', '2018', '2019']

	COUNTRIES: ['afghanistan', 'albania', 'algeria', 'argentina', 'armenia', 'australia', 'austria', 'azerbaijan', 'bangladesh', 'belarus', 'belgium', 'bermuda', 'bolivia', 'bosnia and herzegovina', 'botswana', 'brazil', 'bulgaria', 'burkina faso', 'cambodia', 'cameroon', 'canada', 'cape verde', 'chile', 'china', "china (people's republic of)", 'colombia', 'congo, the democratic republic of the', 'croatia', 'cuba', 'cyprus', 'czech republic', 'czechia', 'denmark', 'dominican republic', 'ecuador', 'egypt', 'estonia', 'ethiopia', 'european union', 'finland', 'france', 'french guiana', 'french polynesia', 'gabon', 'gambia', 'georgia', 'germany', 'ghana', 'great britain and northern ireland', 'greece', 'guinea-bissau', 'hong kong', 'hungary', 'iceland', 'india', 'indonesia', 'iran', 'iran (islamic republic of)', 'ireland', 'israel', 'italy', 'ivory coast', 'japan', 'jordan', 'kazakhstan', 'kenya', 'korea (republic of)', 'kuwait', 'laos', 'latvia', 'lebanon', 'liechtenstein', 'lithuania', 'luxembourg', 'madagascar', 'malawi', 'malaysia', 'mali', 'malta', 'mexico', 'moldova', 'morocco', 'mozambique', 'myanmar', 'namibia', 'nepal', 'netherlands', 'new zealand', 'nigeria', 'norway', 'oman', 'pakistan', 'panama', 'papua new guinea', 'paraguay', 'peru', 'philippines', 'poland', 'portugal', 'qatar', 'romania', 'russia', 'russian federation', 'rwanda', 'saudi arabia', 'senegal', 'serbia', 'singapore', 'slovakia', 'slovenia', 'south africa', 'south korea', 'spain', 'sri lanka', 'state of palestine', 'sweden', 'switzerland', 'taiwan', 'tanzania', 'tanzania (united republic of)', 'thailand', 'tunisia', 'turkey', 'uganda', 'ukraine', 'united arab emirates', 'united kingdom', 'united states', 'uruguay', 'uzbekistan', 'venezuela', 'viet nam', 'vietnam', 'yugoslavia', 'zambia', 'zimbabwe']

	REPRESENTATIVE RECORDS:

		{'100047927': {'2015': {'entropy': 0.72, 'class': 'same', 'affiliation': 'united kingdom'}}}
		{'100112964': {'2013': {'entropy': -0.89, 'class': 'different', 'affiliation': 'sweden'}, '2016': {'entropy': 0.0, 'class': 'same', 'affiliation': 'sweden'}, '2017': {'entropy': 0.75, 'class': 'same', 'affiliation': 'united kingdom'}}}
		{'1002266716': {'2010': {'entropy': 0.0, 'class': 'same', 'affiliation': 'sweden'}, '2011': {'entropy': 0.0, 'class': 'same', 'affiliation': 'united kingdom'}, '2013': {'entropy': 0.59, 'class': 'same', 'affiliation': 'united kingdom'}, '2014': {'entropy': -0.78, 'class': 'different', 'affiliation': 'denmark'}, '2015': {'entropy': 1.0, 'class': 'same', 'affiliation': 'denmark'}, '2016': {'entropy': 0.0, 'class': 'same', 'affiliation': 'united kingdom'}, '2018': {'entropy': 0.54, 'class': 'same', 'affiliation': 'sweden'}}}
		{'1002942167': {'2014': {'entropy': 0.0, 'class': 'same', 'affiliation': 'united kingdom'}, '2016': {'entropy': 0.81, 'class': 'same', 'affiliation': 'united kingdom'}}}
		{'1003198780': {'2016': {'entropy': 0.54, 'class': 'same', 'affiliation': 'slovenia'}}}
CLUSTER 2:
	6544 RESEARCHERS, 10.56% OF THE TOTAL

	YEARS: ['1990', '1991', '1992', '1993', '1994', '1995', '1996', '1997', '1998', '1999', '2000', '2001', '2002', '2003', '2004', '2005', '2006', '2007', '2008', '2009', '2010', '2011', '2012', '2013', '2014', '2015', '2016', '2017', '2018', '2019']

	COUNTRIES: ['afghanistan', 'albania', 'argentina', 'armenia', 'australia', 'austria', 'bangladesh', 'belarus', 'belgium', 'bolivia', 'botswana', 'brazil', 'bulgaria', 'burkina faso', 'cambodia', 'canada', 'chile', 'china', "china (people's republic of)", 'colombia', 'costa rica', 'croatia', 'cuba', 'cyprus', 'czech republic', 'czechia', 'denmark', 'ecuador', 'egypt', 'estonia', 'ethiopia', 'european union', 'finland', 'france', 'french polynesia', 'gabon', 'gambia', 'georgia', 'germany', 'ghana', 'great britain and northern ireland', 'greece', 'hong kong', 'hungary', 'iceland', 'india', 'indonesia', 'iran', 'iran (islamic republic of)', 'iraq', 'ireland', 'israel', 'italy', 'ivory coast', 'japan', 'kazakhstan', 'kenya', 'korea (republic of)', 'kuwait', 'laos', 'latvia', 'lithuania', 'luxembourg', 'malawi', 'malaysia', 'malta', 'mauritius', 'mexico', 'mozambique', 'myanmar', 'namibia', 'nepal', 'netherlands', 'new zealand', 'nigeria', 'norway', 'pakistan', 'paraguay', 'philippines', 'poland', 'portugal', 'qatar', 'romania', 'russia', 'russian federation', 'saudi arabia', 'serbia', 'singapore', 'slovakia', 'slovenia', 'south africa', 'south korea', 'spain', 'sri lanka', 'sweden', 'switzerland', 'taiwan', 'tanzania', 'tanzania (united republic of)', 'thailand', 'turkey', 'uganda', 'ukraine', 'united arab emirates', 'united kingdom', 'united states', 'venezuela', 'vietnam', 'zimbabwe']

	REPRESENTATIVE RECORDS:

		{'100532589': {'2011': {'entropy': 0.0, 'class': 'same', 'affiliation': 'netherlands'}, '2013': {'entropy': 0.0, 'class': 'same', 'affiliation': 'netherlands'}, '2015': {'entropy': 0.0, 'class': 'same', 'affiliation': 'netherlands'}, '2016': {'entropy': 0.0, 'class': 'same', 'affiliation': 'netherlands'}, '2017': {'entropy': -0.75, 'class': 'different', 'affiliation': 'netherlands'}}}
		{'100734421': {'2015': {'entropy': -0.57, 'class': 'different', 'affiliation': 'denmark'}, '2016': {'entropy': -0.78, 'class': 'different', 'affiliation': 'germany'}, '2017': {'entropy': -0.86, 'class': 'different', 'affiliation': 'united states'}, '2018': {'entropy': 0.0, 'class': 'same', 'affiliation': 'germany'}}}
		{'1019291497': {'2017': {'entropy': -1.0, 'class': 'different', 'affiliation': 'germany'}}}
		{'10209326': {'2014': {'entropy': 0.0, 'class': 'same', 'affiliation': 'italy'}, '2016': {'entropy': 0.09, 'class': 'same', 'affiliation': 'germany'}, '2017': {'entropy': -1.0, 'class': 'different', 'affiliation': 'canada'}}}
		{'1026746713': {'2015': {'entropy': -0.92, 'class': 'different', 'affiliation': 'norway'}, '2016': {'entropy': 0.0, 'class': 'same', 'affiliation': 'norway'}, '2017': {'entropy': -0.75, 'class': 'different', 'affiliation': 'germany'}}}
