CLUSTER 0:
	407869 RESEARCHERS, 86.81% OF THE TOTAL

	YEARS: ['1976', '1977', '1978', '1979', '1980', '1981', '1982', '1983', '1984', '1985', '1986', '1987', '1988', '1989', '1990', '1991', '1992', '1993', '1994', '1995', '1996', '1997', '1998', '1999', '2000', '2001', '2002', '2003', '2004', '2005', '2006', '2007', '2008', '2009', '2010', '2011', '2012', '2013', '2014', '2015', '2016', '2017', '2018', '2019']

	COUNTRIES: ['afghanistan', 'albania', 'algeria', 'argentina', 'armenia', 'australia', 'austria', 'azerbaijan', 'bahamas', 'bahrain', 'bangladesh', 'belarus', 'belgium', 'belize', 'benin', 'bermuda', 'bolivia', 'bosnia and herzegovina', 'botswana', 'brazil', 'brunei', 'bulgaria', 'burkina faso', 'cambodia', 'cameroon', 'canada', 'cape verde', 'chile', 'china', "china (people's republic of)", 'colombia', 'congo, the democratic republic of the', 'costa rica', "cote d'ivoire", 'croatia', 'cuba', 'cyprus', 'czech republic', 'czechia', 'denmark', 'dominican republic', 'ecuador', 'egypt', 'el salvador', 'estonia', 'ethiopia', 'european union', 'fiji', 'finland', 'former yugoslav republic of macedonia', 'france', 'french guiana', 'gabon', 'gambia', 'georgia', 'germany', 'ghana', 'great britain and northern ireland', 'greece', 'guinea-bissau', 'hong kong', 'hungary', 'iceland', 'india', 'indonesia', 'iran', 'iran (islamic republic of)', 'iraq', 'ireland', 'israel', 'italy', 'ivory coast', 'japan', 'jordan', 'kazakhstan', 'kenya', 'korea (republic of)', 'kuwait', 'laos', 'latvia', 'lebanon', 'libya', 'lithuania', 'luxembourg', 'macedonia', 'madagascar', 'malawi', 'malaysia', 'mali', 'malta', 'mauritius', 'mexico', 'moldova', 'moldova (republic of)', 'montenegro', 'morocco', 'mozambique', 'myanmar', 'namibia', 'nepal', 'netherlands', 'new zealand', 'niger', 'nigeria', 'norway', 'oman', 'pakistan', 'panama', 'papua new guinea', 'paraguay', 'peru', 'philippines', 'poland', 'portugal', 'puerto rico', 'qatar', 'romania', 'russia', 'russian federation', 'saudi arabia', 'senegal', 'serbia', 'singapore', 'slovakia', 'slovenia', 'somalia', 'south africa', 'south korea', 'spain', 'sri lanka', 'state of palestine', 'sudan', 'sweden', 'switzerland', 'taiwan', 'tanzania', 'tanzania (united republic of)', 'thailand', 'togo', 'trinidad and tobago', 'tunisia', 'turkey', 'uganda', 'ukraine', 'united arab emirates', 'united kingdom', 'united states', 'uruguay', 'uzbekistan', 'venezuela', 'viet nam', 'vietnam', 'yugoslavia', 'zambia', 'zimbabwe']

	REPRESENTATIVE RECORDS:

		{'2015': {'entropy': 0.0, 'class': 'same', 'affiliation': 'france'}}
		{'2012': {'entropy': 0.0, 'class': 'same', 'affiliation': 'united states'}, '2016': {'entropy': 0.0, 'class': 'same', 'affiliation': 'germany'}, '2018': {'entropy': 0.0, 'class': 'same', 'affiliation': 'germany'}}
		{'2014': {'entropy': 0.0, 'class': 'same', 'affiliation': 'united states'}}
		{'2010': {'entropy': 0.0, 'class': 'same', 'affiliation': 'united kingdom'}}
		{'2010': {'entropy': 0.0, 'class': 'same', 'affiliation': 'united kingdom'}}
CLUSTER 1:
	24412 RESEARCHERS, 5.2% OF THE TOTAL

	YEARS: ['1983', '1984', '1985', '1988', '1990', '1991', '1992', '1993', '1994', '1995', '1996', '1997', '1998', '1999', '2000', '2001', '2002', '2003', '2004', '2005', '2006', '2007', '2008', '2009', '2010', '2011', '2012', '2013', '2014', '2015', '2016', '2017', '2018', '2019']

	COUNTRIES: ['afghanistan', 'argentina', 'armenia', 'australia', 'austria', 'bangladesh', 'belarus', 'belgium', 'bolivia', 'botswana', 'brazil', 'bulgaria', 'burkina faso', 'cambodia', 'cameroon', 'canada', 'chile', 'china', "china (people's republic of)", 'colombia', 'congo, the democratic republic of the', 'croatia', 'cyprus', 'czech republic', 'czechia', 'denmark', 'dominican republic', 'ecuador', 'egypt', 'estonia', 'ethiopia', 'european union', 'finland', 'france', 'french polynesia', 'gambia', 'georgia', 'germany', 'ghana', 'great britain and northern ireland', 'greece', 'guinea-bissau', 'hong kong', 'hungary', 'iceland', 'india', 'indonesia', 'iran', 'iran (islamic republic of)', 'ireland', 'israel', 'italy', 'ivory coast', 'japan', 'kazakhstan', 'kenya', 'korea (republic of)', 'kuwait', 'laos', 'latvia', 'lebanon', 'liechtenstein', 'lithuania', 'luxembourg', 'madagascar', 'malawi', 'malaysia', 'malta', 'mexico', 'mozambique', 'myanmar', 'namibia', 'nepal', 'netherlands', 'new zealand', 'nigeria', 'norway', 'oman', 'pakistan', 'papua new guinea', 'paraguay', 'peru', 'philippines', 'poland', 'portugal', 'qatar', 'romania', 'russia', 'russian federation', 'rwanda', 'saudi arabia', 'senegal', 'serbia', 'singapore', 'slovakia', 'slovenia', 'south africa', 'south korea', 'spain', 'sri lanka', 'state of palestine', 'sweden', 'switzerland', 'taiwan', 'tanzania', 'tanzania (united republic of)', 'thailand', 'turkey', 'uganda', 'ukraine', 'united arab emirates', 'united kingdom', 'united states', 'uzbekistan', 'venezuela', 'vietnam', 'zimbabwe']

	REPRESENTATIVE RECORDS:

		{'2013': {'entropy': -0.89, 'class': 'different', 'affiliation': 'sweden'}, '2016': {'entropy': 0.0, 'class': 'same', 'affiliation': 'sweden'}, '2017': {'entropy': 0.75, 'class': 'same', 'affiliation': 'united kingdom'}}
		{'2017': {'entropy': 0.54, 'class': 'same', 'affiliation': 'germany'}, '2018': {'entropy': 0.0, 'class': 'same', 'affiliation': 'sweden'}}
		{'2017': {'entropy': 0.54, 'class': 'same', 'affiliation': 'france'}}
		{'2017': {'entropy': 0.44, 'class': 'same', 'affiliation': 'switzerland'}}
		{'2015': {'entropy': -1.0, 'class': 'different', 'affiliation': 'austria'}, '2016': {'entropy': 0.5, 'class': 'same', 'affiliation': 'austria'}, '2017': {'entropy': 0.92, 'class': 'same', 'affiliation': 'austria'}, '2018': {'entropy': 0.0, 'class': 'same', 'affiliation': 'austria'}}
CLUSTER 2:
	17231 RESEARCHERS, 3.67% OF THE TOTAL

	YEARS: ['1981', '1982', '1987', '1988', '1989', '1991', '1992', '1993', '1994', '1995', '1996', '1997', '1998', '1999', '2000', '2001', '2002', '2003', '2004', '2005', '2006', '2007', '2008', '2009', '2010', '2011', '2012', '2013', '2014', '2015', '2016', '2017', '2018', '2019']

	COUNTRIES: ['albania', 'algeria', 'argentina', 'armenia', 'australia', 'austria', 'bangladesh', 'belarus', 'belgium', 'bermuda', 'botswana', 'brazil', 'bulgaria', 'burkina faso', 'cambodia', 'cameroon', 'canada', 'cape verde', 'chile', 'china', "china (people's republic of)", 'colombia', 'croatia', 'cuba', 'cyprus', 'czech republic', 'czechia', 'denmark', 'ecuador', 'egypt', 'estonia', 'ethiopia', 'european union', 'finland', 'france', 'french guiana', 'gabon', 'gambia', 'georgia', 'germany', 'ghana', 'great britain and northern ireland', 'greece', 'hong kong', 'hungary', 'iceland', 'india', 'indonesia', 'iran', 'ireland', 'israel', 'italy', 'ivory coast', 'japan', 'jordan', 'kazakhstan', 'kenya', 'laos', 'latvia', 'lebanon', 'lithuania', 'luxembourg', 'malawi', 'malaysia', 'malta', 'mexico', 'moldova', 'morocco', 'mozambique', 'namibia', 'nepal', 'netherlands', 'new zealand', 'nigeria', 'norway', 'oman', 'pakistan', 'paraguay', 'poland', 'portugal', 'qatar', 'romania', 'russia', 'russian federation', 'saudi arabia', 'serbia', 'singapore', 'slovakia', 'slovenia', 'south africa', 'south korea', 'spain', 'sri lanka', 'sweden', 'switzerland', 'taiwan', 'tanzania', 'tanzania (united republic of)', 'thailand', 'tunisia', 'turkey', 'uganda', 'ukraine', 'united arab emirates', 'united kingdom', 'united states', 'uruguay', 'venezuela', 'viet nam', 'vietnam', 'zambia', 'zimbabwe']

	REPRESENTATIVE RECORDS:

		{'2014': {'entropy': 0.0, 'class': 'same', 'affiliation': 'united kingdom'}, '2016': {'entropy': 0.81, 'class': 'same', 'affiliation': 'united kingdom'}}
		{'2016': {'entropy': 0.54, 'class': 'same', 'affiliation': 'slovenia'}}
		{'2016': {'entropy': 0.81, 'class': 'same', 'affiliation': 'canada'}}
		{'2008': {'entropy': 0.0, 'class': 'same', 'affiliation': 'netherlands'}, '2009': {'entropy': 0.0, 'class': 'same', 'affiliation': 'netherlands'}, '2011': {'entropy': 0.54, 'class': 'same', 'affiliation': 'netherlands'}, '2012': {'entropy': -0.65, 'class': 'different', 'affiliation': 'netherlands'}, '2013': {'entropy': 0.0, 'class': 'same', 'affiliation': 'netherlands'}, '2014': {'entropy': 0.0, 'class': 'same', 'affiliation': 'netherlands'}, '2015': {'entropy': 0.0, 'class': 'same', 'affiliation': 'netherlands'}, '2016': {'entropy': 0.65, 'class': 'same', 'affiliation': 'netherlands'}, '2017': {'entropy': 0.0, 'class': 'same', 'affiliation': 'netherlands'}}
		{'2014': {'entropy': 0.0, 'class': 'same', 'affiliation': 'uganda'}, '2015': {'entropy': 0.47, 'class': 'same', 'affiliation': 'belgium'}, '2016': {'entropy': 0.59, 'class': 'same', 'affiliation': 'united kingdom'}}
CLUSTER 3:
	6344 RESEARCHERS, 1.35% OF THE TOTAL

	YEARS: ['1990', '1991', '1992', '1993', '1994', '1995', '1996', '1997', '1998', '1999', '2000', '2001', '2002', '2003', '2004', '2005', '2006', '2007', '2008', '2009', '2010', '2011', '2012', '2013', '2014', '2015', '2016', '2017', '2018', '2019']

	COUNTRIES: ['afghanistan', 'albania', 'argentina', 'armenia', 'australia', 'austria', 'bangladesh', 'belarus', 'belgium', 'bolivia', 'botswana', 'brazil', 'bulgaria', 'burkina faso', 'cambodia', 'canada', 'chile', 'china', "china (people's republic of)", 'colombia', 'costa rica', 'croatia', 'cuba', 'cyprus', 'czech republic', 'czechia', 'denmark', 'ecuador', 'egypt', 'estonia', 'ethiopia', 'european union', 'finland', 'france', 'french polynesia', 'gabon', 'gambia', 'georgia', 'germany', 'ghana', 'great britain and northern ireland', 'greece', 'hong kong', 'hungary', 'iceland', 'india', 'indonesia', 'iran', 'iran (islamic republic of)', 'iraq', 'ireland', 'israel', 'italy', 'ivory coast', 'japan', 'kazakhstan', 'kenya', 'korea (republic of)', 'kuwait', 'laos', 'latvia', 'lithuania', 'luxembourg', 'malawi', 'malaysia', 'malta', 'mauritius', 'mexico', 'mozambique', 'myanmar', 'namibia', 'nepal', 'netherlands', 'new zealand', 'nigeria', 'norway', 'pakistan', 'paraguay', 'philippines', 'poland', 'portugal', 'qatar', 'romania', 'russia', 'russian federation', 'saudi arabia', 'serbia', 'singapore', 'slovakia', 'slovenia', 'south africa', 'south korea', 'spain', 'sri lanka', 'sweden', 'switzerland', 'taiwan', 'tanzania', 'tanzania (united republic of)', 'thailand', 'turkey', 'uganda', 'ukraine', 'united arab emirates', 'united kingdom', 'united states', 'venezuela', 'vietnam', 'zimbabwe']

	REPRESENTATIVE RECORDS:

		{'2011': {'entropy': 0.0, 'class': 'same', 'affiliation': 'netherlands'}, '2013': {'entropy': 0.0, 'class': 'same', 'affiliation': 'netherlands'}, '2015': {'entropy': 0.0, 'class': 'same', 'affiliation': 'netherlands'}, '2016': {'entropy': 0.0, 'class': 'same', 'affiliation': 'netherlands'}, '2017': {'entropy': -0.75, 'class': 'different', 'affiliation': 'netherlands'}}
		{'2015': {'entropy': -0.57, 'class': 'different', 'affiliation': 'denmark'}, '2016': {'entropy': -0.78, 'class': 'different', 'affiliation': 'germany'}, '2017': {'entropy': -0.86, 'class': 'different', 'affiliation': 'united states'}, '2018': {'entropy': 0.0, 'class': 'same', 'affiliation': 'germany'}}
		{'2017': {'entropy': -1.0, 'class': 'different', 'affiliation': 'germany'}}
		{'2014': {'entropy': 0.0, 'class': 'same', 'affiliation': 'italy'}, '2016': {'entropy': 0.09, 'class': 'same', 'affiliation': 'germany'}, '2017': {'entropy': -1.0, 'class': 'different', 'affiliation': 'canada'}}
		{'2015': {'entropy': -0.92, 'class': 'different', 'affiliation': 'norway'}, '2016': {'entropy': 0.0, 'class': 'same', 'affiliation': 'norway'}, '2017': {'entropy': -0.75, 'class': 'different', 'affiliation': 'germany'}}
CLUSTER 4:
	14002 RESEARCHERS, 2.98% OF THE TOTAL

	YEARS: ['1980', '1983', '1984', '1987', '1989', '1990', '1992', '1993', '1994', '1995', '1996', '1997', '1998', '1999', '2000', '2001', '2002', '2003', '2004', '2005', '2006', '2007', '2008', '2009', '2010', '2011', '2012', '2013', '2014', '2015', '2016', '2017', '2018', '2019']

	COUNTRIES: ['albania', 'argentina', 'australia', 'austria', 'azerbaijan', 'bangladesh', 'belarus', 'belgium', 'bosnia and herzegovina', 'brazil', 'bulgaria', 'burkina faso', 'cambodia', 'canada', 'chile', 'china', "china (people's republic of)", 'colombia', 'croatia', 'cuba', 'cyprus', 'czech republic', 'czechia', 'denmark', 'dominican republic', 'ecuador', 'egypt', 'estonia', 'ethiopia', 'finland', 'france', 'gabon', 'gambia', 'georgia', 'germany', 'great britain and northern ireland', 'greece', 'hungary', 'iceland', 'india', 'indonesia', 'iran', 'ireland', 'israel', 'italy', 'japan', 'kazakhstan', 'kenya', 'korea (republic of)', 'kuwait', 'laos', 'latvia', 'lebanon', 'lithuania', 'luxembourg', 'madagascar', 'malawi', 'malaysia', 'mali', 'malta', 'mexico', 'mozambique', 'namibia', 'nepal', 'netherlands', 'new zealand', 'nigeria', 'norway', 'pakistan', 'panama', 'papua new guinea', 'peru', 'philippines', 'poland', 'portugal', 'romania', 'russia', 'russian federation', 'saudi arabia', 'senegal', 'serbia', 'singapore', 'slovakia', 'slovenia', 'south africa', 'south korea', 'spain', 'sweden', 'switzerland', 'taiwan', 'tanzania', 'tanzania (united republic of)', 'thailand', 'tunisia', 'turkey', 'uganda', 'ukraine', 'united arab emirates', 'united kingdom', 'united states', 'uruguay', 'vietnam', 'yugoslavia', 'zambia', 'zimbabwe']

	REPRESENTATIVE RECORDS:

		{'2015': {'entropy': 0.72, 'class': 'same', 'affiliation': 'united kingdom'}}
		{'2010': {'entropy': 0.0, 'class': 'same', 'affiliation': 'sweden'}, '2011': {'entropy': 0.0, 'class': 'same', 'affiliation': 'united kingdom'}, '2013': {'entropy': 0.59, 'class': 'same', 'affiliation': 'united kingdom'}, '2014': {'entropy': -0.78, 'class': 'different', 'affiliation': 'denmark'}, '2015': {'entropy': 1.0, 'class': 'same', 'affiliation': 'denmark'}, '2016': {'entropy': 0.0, 'class': 'same', 'affiliation': 'united kingdom'}, '2018': {'entropy': 0.54, 'class': 'same', 'affiliation': 'sweden'}}
		{'2015': {'entropy': 0.5, 'class': 'same', 'affiliation': 'norway'}}
		{'2013': {'entropy': 0.0, 'class': 'same', 'affiliation': 'united kingdom'}, '2015': {'entropy': 0.92, 'class': 'same', 'affiliation': 'russia'}, '2016': {'entropy': 0.0, 'class': 'same', 'affiliation': 'united kingdom'}}
		{'2015': {'entropy': 0.72, 'class': 'same', 'affiliation': 'portugal'}}
